Build started 08/12/2016 09:42:45 ب.ظ.
     1>Project "C:\Users\Cmc\Desktop\Implementation os\Implementation os\Implementation os.vcxproj" on node 2 (Build target(s)).
     1>ClCompile:
         C:\Program Files (x86)\Microsoft Visual Studio 12.0\VC\bin\CL.exe /c /ZI /nologo /W3 /WX- /sdl /Od /Oy- /D WIN32 /D _DEBUG /D _CONSOLE /D _LIB /D _UNICODE /D UNICODE /Gm /EHsc /RTC1 /MDd /GS /fp:precise /Zc:wchar_t /Zc:forScope /Yu"stdafx.h" /Fp"Debug\Implementation os.pch" /Fo"Debug\\" /Fd"Debug\vc120.pdb" /Gd /TP /analyze- /errorReport:prompt SuggestedAlgoritm.cpp
         SuggestedAlgoritm.cpp
     1>c:\users\cmc\desktop\implementation os\implementation os\suggestedalgoritm.cpp(21): warning C4244: 'initializing' : conversion from 'int' to 'float', possible loss of data
     1>c:\users\cmc\desktop\implementation os\implementation os\suggestedalgoritm.cpp(47): warning C4244: '=' : conversion from 'int' to 'float', possible loss of data
     1>c:\users\cmc\desktop\implementation os\implementation os\suggestedalgoritm.cpp(53): warning C4244: '=' : conversion from 'float' to 'int', possible loss of data
     1>c:\users\cmc\desktop\implementation os\implementation os\suggestedalgoritm.cpp(58): warning C4244: '=' : conversion from 'float' to 'int', possible loss of data
     1>c:\users\cmc\desktop\implementation os\implementation os\suggestedalgoritm.cpp(64): warning C4244: 'argument' : conversion from 'float' to 'int', possible loss of data
     1>c:\users\cmc\desktop\implementation os\implementation os\suggestedalgoritm.cpp(65): warning C4244: 'argument' : conversion from 'float' to 'int', possible loss of data
     1>c:\users\cmc\desktop\implementation os\implementation os\suggestedalgoritm.cpp(69): warning C4244: '=' : conversion from 'float' to 'int', possible loss of data
     1>c:\users\cmc\desktop\implementation os\implementation os\suggestedalgoritm.cpp(20): warning C4101: 'minimumServiceTime' : unreferenced local variable
     1>c:\users\cmc\desktop\implementation os\implementation os\suggestedalgoritm.cpp(21): warning C4101: 'serviceTime' : unreferenced local variable
       Link:
         C:\Program Files (x86)\Microsoft Visual Studio 12.0\VC\bin\link.exe /ERRORREPORT:PROMPT /OUT:"C:\Users\Cmc\Desktop\Implementation os\Debug\Implementation os.exe" /INCREMENTAL /NOLOGO kernel32.lib user32.lib gdi32.lib winspool.lib comdlg32.lib advapi32.lib shell32.lib ole32.lib oleaut32.lib uuid.lib odbc32.lib odbccp32.lib /MANIFEST /MANIFESTUAC:"level='asInvoker' uiAccess='false'" /manifest:embed /DEBUG /PDB:"C:\Users\Cmc\Desktop\Implementation os\Debug\Implementation os.pdb" /SUBSYSTEM:CONSOLE /TLBID:1 /DYNAMICBASE /NXCOMPAT /IMPLIB:"C:\Users\Cmc\Desktop\Implementation os\Debug\Implementation os.lib" /MACHINE:X86 Debug\FCFS.obj
         Debug\HRRN.obj
         "Debug\Implementation os.obj"
         Debug\LcoalInfoSRT.obj
         Debug\LocalInfoRR.obj
         Debug\Management.obj
         Debug\Process.obj
         Debug\RR.obj
         Debug\Scheduler.obj
         Debug\SPN.obj
         Debug\SRT.obj
         Debug\stdafx.obj
         Debug\SuggestedAlgoritm.obj
         Implementation os.vcxproj -> C:\Users\Cmc\Desktop\Implementation os\Debug\Implementation os.exe
     1>Done Building Project "C:\Users\Cmc\Desktop\Implementation os\Implementation os\Implementation os.vcxproj" (Build target(s)).

Build succeeded.

Time Elapsed 00:00:00.68
